MPASM  5.50                   EJERCICIO 3.ASM   11-20-2023  17:53:07         PAGE  1


LOC  OBJECT CODE     LINE SOURCE TEXT
  VALUE

                      00001         ;En las siguientes lineas se indica el procesador, las librerias 
                      00002         PROCESSOR 16F877                
                      00003         INCLUDE <P16F877.INC>
                      00001         LIST
                      00002 
                      00003 ;==========================================================================
                      00004 ;  MPASM PIC16F877 processor include
                      00005 ; 
                      00006 ;  (c) Copyright 1999-2013 Microchip Technology, All rights reserved
                      00007 ;==========================================================================
                      00008 
                      00540         LIST
                      00004 
Warning[207]: Found label after column 1. (valor1)
  00000021            00005         valor1   equ H'21'                      
Warning[207]: Found label after column 1. (valor2)
  00000022            00006         valor2   equ H'22'              
Warning[207]: Found label after column 1. (valor3)
  00000023            00007         valor3   equ H'23'              
                      00008 
Warning[207]: Found label after column 1. (cte1)
  00000001            00009         cte1 equ 1H             
Warning[207]: Found label after column 1. (cte2)
  00000002            00010         cte2 equ 2H                     
Warning[207]: Found label after column 1. (cte3)
  00000003            00011         cte3 equ 3H             
                      00012 
Warning[207]: Found label after column 1. (ve1)
  00000031            00013         ve1 equ H'31'           
Warning[207]: Found label after column 1. (ve2)
  00000035            00014         ve2 equ H'35'           
Warning[207]: Found label after column 1. (ve3)
  00000036            00015         ve3 equ H'36'   
Warning[207]: Found label after column 1. (mayor)
  00000037            00016         mayor equ H'37' 
                      00017 
0000                  00018                 ORG 0                   
0000   2805           00019                 GOTO INICIO     
                      00020 
0005                  00021                 ORG 5                   
0005   0185           00022 INICIO: CLRF PORTA                      ; Limpiamos el puerto A
0006   0188           00023                 CLRF PORTD                      ; Limpiamos el puerto D
0007   0189           00024                 CLRF PORTE                      ; Limpiamos el puerto E
0008   1683           00025                 BSF STATUS, RP0         ; Colocamos RP0 en 1 y RP1 en 0 para movernos al banco 1
0009   1303           00026                 BCF STATUS, RP1         
000A   3000           00027                 MOVLW H'00'                     ; Carga el valor 0 en W                 
Message[302]: Register in operand not in bank 0.  Ensure that bank bits are correct.
000B   0088           00028                 MOVWF TRISD                     ; Configuramos puerto D como salida
000C   3000           00029                 MOVLW H'00'                     ; Cargamos el valor 0 en W
Message[302]: Register in operand not in bank 0.  Ensure that bank bits are correct.
000D   009F           00030                 MOVWF ADCON1            ; Cargamos los puertos A y E que se usan para operaciones analog
                            icas y digitales (entrada/salida)
000E   1283           00031                 BCF STATUS,RP0          ; Cambiamos al banco 0          
MPASM  5.50                   EJERCICIO 3.ASM   11-20-2023  17:53:07         PAGE  2


LOC  OBJECT CODE     LINE SOURCE TEXT
  VALUE

                      00032 
                      00033 ;Guardaremos el valor de la conversion de los canales analogico digital dentro de las variables ve1 ve2 
                            v3
                      00034                                 
000F   3069           00035 E1:     MOVLW 0x69              ; Carga el valor 69 en W
0010   009F           00036                 MOVWF ADCON0    ; Configuramos ADCON0 para conversion analogico/digital en el canal 5
0011   151F           00037                 BSF ADCON0,2    ; colocamos en 1 el bit 2 de ADCON0 para iniciar conversion analogico/di
                            gital
0012   203F           00038                 CALL ESPERA             ; Nos movemos a ESPERA
0013   081E           00039                 MOVF ADRESH,W   ; Movemos el contenido de ADRESH a W
0014   00B1           00040                 MOVWF ve1               ; Movemos el contenido de W a ve1 para almacenar su valor
                      00041 
0015   3071           00042 E2:     MOVLW 0x71              ; Carga el valor 71 en W
0016   009F           00043                 MOVWF ADCON0    ; Configuramos ADCON0 para conversion analogico/digital en el canal 7
0017   151F           00044                 BSF ADCON0,2    ; Establece en 1 el bit 2 de ADCON0
0018   203F           00045                 CALL ESPERA             ; Nos movemos a ESPERA
0019   081E           00046                 MOVF ADRESH,W   ; Mueve el contenido de ADRESH a W
001A   00B5           00047                 MOVWF ve2               ; Mueve el contenido de W a ve2
                      00048 
001B   3079           00049 E3:     MOVLW 0x79              ; Carga el valor 79 en W
001C   009F           00050                 MOVWF ADCON0    ; Configuramos ADCON0 para conversion analogico/digital en el canal 15
001D   151F           00051                 BSF ADCON0,2    ; colocamos en 1 el bit 2 de ADCON0 para iniciar conversion analogico/di
                            gital
001E   203F           00052                 CALL ESPERA             ; Nos movemos a ESPERA
001F   081E           00053                 MOVF ADRESH,W   ; Mueve el contenido de ADRESH a W
0020   00B6           00054                 MOVWF ve3               ; Mueve el contenido de W a ve3
                      00055 
                      00056 
                      00057 ; Proceoso de comparacion de los valores de las variables
                      00058 
                      00059 ;Comparamos ve1 y ve2 para saber cual es mas grande
                      00060 
0021   0831           00061 Comp:   MOVF ve1, W             ; Mueve el contenido de ve1 a W 
0022   0235           00062         SUBWF ve2, W            ; Restamos ve1 - ve2 
0023   1C03           00063         BTFSS STATUS, C         ; Pregunta si la bandera de zero esta encendida
0024   2826           00064         GOTO MAYOR_1            ; No es cero, Salta a MAYOR_1  ve1 > ve2
0025   282E           00065                 GOTO MAYOR_2            ; Si es cero, Salta a MAYOR_2 ve2 > ve1
                      00066 
                      00067 ;Compramos ve1 con ve3
0026   0831           00068 MAYOR_1: MOVF ve1,W                     ; Mueve el contenido de ve1 a W
0027   00B7           00069                  MOVWF mayor            ; Movemos mayor el valor de w (Ve1)
0028   0236           00070                  SUBWF ve3, W       ; Restamos ve3 - w (Ve1)
0029   1C03           00071          BTFSS STATUS, C    ; Pregunta si la bandera de zero esta encendida
002A   2836           00072                  GOTO ASIG1                     ; Si no, Salta a ASIG1 
002B   0836           00073                  MOVF ve3,W                     ; Si si, Mueve ve3 a W
002C   00B7           00074                  MOVWF mayor            ; mayor pasa a ser ve3
002D   283C           00075                  GOTO ASIG3                     ; Nos movemos a ASIG3
                      00076 
                      00077 ;Compramos ve2 con ve3
002E   0835           00078 MAYOR_2: MOVF ve2,W                     ; Mueve el contenido de ve2 a W
002F   00B7           00079                  MOVWF mayor            ; Movemos a mayor el valor de w (Ve1)
0030   0236           00080          SUBWF ve3, W       ; Resta ve3 - w (ve2)
0031   1C03           00081          BTFSS STATUS, C    ; Pregunta si la bandera de zero esta encendida
MPASM  5.50                   EJERCICIO 3.ASM   11-20-2023  17:53:07         PAGE  3


LOC  OBJECT CODE     LINE SOURCE TEXT
  VALUE

0032   2839           00082                  GOTO ASIG2                     ; Si no, Salta a ASIG2
0033   0836           00083                  MOVF ve3,W                     ; Si si, Mueve ve3 a W
0034   00B7           00084                  MOVWF mayor            ; mayor pasa a ser ve3
0035   283C           00085                  GOTO ASIG3                     ; Salta a ASIG3         
                      00086 
                      00087 
                      00088 ;Una vez que comparamos ya solo queda mostrar en el display que vector es el que es mayor
                      00089 ; Primero movemos el numero que indica el display 
                      00090 ; movemos al puerte d
                      00091 ; regresamos a E1
                      00092 
0036   3001           00093 ASIG1:  MOVLW 0x01              ; Mueve 01 a W
0037   0088           00094                 MOVWF PORTD             ; Mueve el contenido de W a PORTD
0038   280F           00095                 GOTO E1                 ; Salta a E1
                      00096 
0039   3003           00097 ASIG2:  MOVLW 0x03              ; Mueve 03 a W
003A   0088           00098                 MOVWF PORTD             
003B   280F           00099                 GOTO E1                 
                      00100 
003C   3007           00101 ASIG3:  MOVLW 0x07              ; Mueve 07 a W
003D   0088           00102                 MOVWF PORTD     
003E   280F           00103                 GOTO E1                                 
                      00104         
                      00105 
                      00106 ; Rutina para generar un retardo 
                      00107 
003F   2043           00108 ESPERA: CALL RETARDO    ; Llamada a la subrutina RETARDO
0040   191F           00109                 BTFSC ADCON0,2 
0041   283F           00110                 GOTO ESPERA             
0042   0008           00111                 RETURN          
                      00112                         
0043   3001           00113 RETARDO: MOVLW cte1             ; Guarda en el registo W el valor de cte1
0044   00A1           00114                  MOVWF valor1   ; Mueve el contenido del registro W al registro valor1
                      00115                 
0045   3002           00116 TRES:    MOVLW cte2             ; Guarda en el registo W el valor de cte2
0046   00A2           00117                  MOVWF valor2   ; Mueve el contenido del registro W al registro valor2
                      00118 
0047   3003           00119 DOS:     MOVLW cte3             ; Guarda en el registo W el valor de cte3
0048   00A3           00120                  MOVWF valor3   ; Mueve el contenido del registro W al registro valor3
                      00121 
Message[305]: Using default destination of 1 (file).
0049   0BA3           00122 UNO:     DECFSZ valor3  ; Decrementa el registro valor3 hasta cero
004A   2849           00123                  GOTO UNO               ; Salta a UNO
Message[305]: Using default destination of 1 (file).
004B   0BA2           00124                  DECFSZ valor2  ; Decrementa el registro valor2 hasta cero
004C   2847           00125                  GOTO DOS               ; Salta a DOS
Message[305]: Using default destination of 1 (file).
004D   0BA1           00126                  DECFSZ valor1  ; Decrementa el registro valor1 hasta cero
004E   2845           00127                  GOTO TRES              ; Salta a TRES
004F   0008           00128                  RETURN                 ; Regresa de la subrutina
                      00129                  END                    ; Directiva de fin de programa
MPASM  5.50                   EJERCICIO 3.ASM   11-20-2023  17:53:07         PAGE  4


SYMBOL TABLE
  LABEL                             VALUE 

ACKDT                             00000005
ACKEN                             00000004
ACKSTAT                           00000006
ADCON0                            0000001F
ADCON1                            0000009F
ADCS0                             00000006
ADCS1                             00000007
ADDEN                             00000003
ADFM                              00000007
ADIE                              00000006
ADIF                              00000006
ADON                              00000000
ADRESH                            0000001E
ADRESL                            0000009E
ASIG1                             00000036
ASIG2                             00000039
ASIG3                             0000003C
BCLIE                             00000003
BCLIF                             00000003
BF                                00000000
BRGH                              00000002
C                                 00000000
CCP1CON                           00000017
CCP1IE                            00000002
CCP1IF                            00000002
CCP1M0                            00000000
CCP1M1                            00000001
CCP1M2                            00000002
CCP1M3                            00000003
CCP1X                             00000005
CCP1Y                             00000004
CCP2CON                           0000001D
CCP2IE                            00000000
CCP2IF                            00000000
CCP2M0                            00000000
CCP2M1                            00000001
CCP2M2                            00000002
CCP2M3                            00000003
CCP2X                             00000005
CCP2Y                             00000004
CCPR1                             00000015
CCPR1H                            00000016
CCPR1L                            00000015
CCPR2                             0000001B
CCPR2H                            0000001C
CCPR2L                            0000001B
CHS0                              00000003
CHS1                              00000004
CHS2                              00000005
CKE                               00000006
CKP                               00000004
CREN                              00000004
CSRC                              00000007
MPASM  5.50                   EJERCICIO 3.ASM   11-20-2023  17:53:07         PAGE  5


SYMBOL TABLE
  LABEL                             VALUE 

Comp                              00000021
D                                 00000005
DATA_ADDRESS                      00000005
DC                                00000001
DOS                               00000047
D_A                               00000005
D_NOT_A                           00000005
E1                                0000000F
E2                                00000015
E3                                0000001B
EEADR                             0000010D
EEADRH                            0000010F
EECON1                            0000018C
EECON2                            0000018D
EEDATA                            0000010C
EEDATH                            0000010E
EEIE                              00000004
EEIF                              00000004
EEPGD                             00000007
ESPERA                            0000003F
F                                 00000001
FERR                              00000002
FSR                               00000004
GCEN                              00000007
GIE                               00000007
GO                                00000002
GO_DONE                           00000002
GO_NOT_DONE                       00000002
I2C_DATA                          00000005
I2C_READ                          00000002
I2C_START                         00000003
I2C_STOP                          00000004
IBF                               00000007
IBOV                              00000005
INDF                              00000000
INICIO                            00000005
INTCON                            0000000B
INTE                              00000004
INTEDG                            00000006
INTF                              00000001
IRP                               00000007
MAYOR_1                           00000026
MAYOR_2                           0000002E
NOT_A                             00000005
NOT_ADDRESS                       00000005
NOT_BO                            00000000
NOT_BOR                           00000000
NOT_DONE                          00000002
NOT_PD                            00000003
NOT_POR                           00000001
NOT_RBPU                          00000007
NOT_RC8                           00000006
NOT_T1SYNC                        00000002
MPASM  5.50                   EJERCICIO 3.ASM   11-20-2023  17:53:07         PAGE  6


SYMBOL TABLE
  LABEL                             VALUE 

NOT_TO                            00000004
NOT_TX8                           00000006
NOT_W                             00000002
NOT_WRITE                         00000002
OBF                               00000006
OERR                              00000001
OPTION_REG                        00000081
P                                 00000004
PCFG0                             00000000
PCFG1                             00000001
PCFG2                             00000002
PCFG3                             00000003
PCL                               00000002
PCLATH                            0000000A
PCON                              0000008E
PEIE                              00000006
PEN                               00000002
PIE1                              0000008C
PIE2                              0000008D
PIR1                              0000000C
PIR2                              0000000D
PORTA                             00000005
PORTB                             00000006
PORTC                             00000007
PORTD                             00000008
PORTE                             00000009
PR2                               00000092
PS0                               00000000
PS1                               00000001
PS2                               00000002
PSA                               00000003
PSPIE                             00000007
PSPIF                             00000007
PSPMODE                           00000004
R                                 00000002
RA0                               00000000
RA1                               00000001
RA2                               00000002
RA3                               00000003
RA4                               00000004
RA5                               00000005
RB0                               00000000
RB1                               00000001
RB2                               00000002
RB3                               00000003
RB4                               00000004
RB5                               00000005
RB6                               00000006
RB7                               00000007
RBIE                              00000003
RBIF                              00000000
RC0                               00000000
RC1                               00000001
MPASM  5.50                   EJERCICIO 3.ASM   11-20-2023  17:53:07         PAGE  7


SYMBOL TABLE
  LABEL                             VALUE 

RC2                               00000002
RC3                               00000003
RC4                               00000004
RC5                               00000005
RC6                               00000006
RC7                               00000007
RC8_9                             00000006
RC9                               00000006
RCD8                              00000000
RCEN                              00000003
RCIE                              00000005
RCIF                              00000005
RCREG                             0000001A
RCSTA                             00000018
RD                                00000000
RD0                               00000000
RD1                               00000001
RD2                               00000002
RD3                               00000003
RD4                               00000004
RD5                               00000005
RD6                               00000006
RD7                               00000007
RE0                               00000000
RE1                               00000001
RE2                               00000002
READ_WRITE                        00000002
RETARDO                           00000043
RP0                               00000005
RP1                               00000006
RSEN                              00000001
RX9                               00000006
RX9D                              00000000
R_NOT_W                           00000002
R_W                               00000002
S                                 00000003
SEN                               00000000
SMP                               00000007
SPBRG                             00000099
SPEN                              00000007
SREN                              00000005
SSPADD                            00000093
SSPBUF                            00000013
SSPCON                            00000014
SSPCON2                           00000091
SSPEN                             00000005
SSPIE                             00000003
SSPIF                             00000003
SSPM0                             00000000
SSPM1                             00000001
SSPM2                             00000002
SSPM3                             00000003
SSPOV                             00000006
MPASM  5.50                   EJERCICIO 3.ASM   11-20-2023  17:53:07         PAGE  8


SYMBOL TABLE
  LABEL                             VALUE 

SSPSTAT                           00000094
STATUS                            00000003
SYNC                              00000004
T0CS                              00000005
T0IE                              00000005
T0IF                              00000002
T0SE                              00000004
T1CKPS0                           00000004
T1CKPS1                           00000005
T1CON                             00000010
T1INSYNC                          00000002
T1OSCEN                           00000003
T1SYNC                            00000002
T2CKPS0                           00000000
T2CKPS1                           00000001
T2CON                             00000012
TMR0                              00000001
TMR0IE                            00000005
TMR0IF                            00000002
TMR1                              0000000E
TMR1CS                            00000001
TMR1H                             0000000F
TMR1IE                            00000000
TMR1IF                            00000000
TMR1L                             0000000E
TMR1ON                            00000000
TMR2                              00000011
TMR2IE                            00000001
TMR2IF                            00000001
TMR2ON                            00000002
TOUTPS0                           00000003
TOUTPS1                           00000004
TOUTPS2                           00000005
TOUTPS3                           00000006
TRES                              00000045
TRISA                             00000085
TRISA0                            00000000
TRISA1                            00000001
TRISA2                            00000002
TRISA3                            00000003
TRISA4                            00000004
TRISA5                            00000005
TRISB                             00000086
TRISB0                            00000000
TRISB1                            00000001
TRISB2                            00000002
TRISB3                            00000003
TRISB4                            00000004
TRISB5                            00000005
TRISB6                            00000006
TRISB7                            00000007
TRISC                             00000087
TRISC0                            00000000
MPASM  5.50                   EJERCICIO 3.ASM   11-20-2023  17:53:07         PAGE  9


SYMBOL TABLE
  LABEL                             VALUE 

TRISC1                            00000001
TRISC2                            00000002
TRISC3                            00000003
TRISC4                            00000004
TRISC5                            00000005
TRISC6                            00000006
TRISC7                            00000007
TRISD                             00000088
TRISD0                            00000000
TRISD1                            00000001
TRISD2                            00000002
TRISD3                            00000003
TRISD4                            00000004
TRISD5                            00000005
TRISD6                            00000006
TRISD7                            00000007
TRISE                             00000089
TRISE0                            00000000
TRISE1                            00000001
TRISE2                            00000002
TRMT                              00000001
TX8_9                             00000006
TX9                               00000006
TX9D                              00000000
TXD8                              00000000
TXEN                              00000005
TXIE                              00000004
TXIF                              00000004
TXREG                             00000019
TXSTA                             00000098
UA                                00000001
UNO                               00000049
W                                 00000000
WCOL                              00000007
WR                                00000001
WREN                              00000002
WRERR                             00000003
Z                                 00000002
_BODEN_OFF                        00003FBF
_BODEN_ON                         00003FFF
_BOREN_OFF                        00003FBF
_BOREN_ON                         00003FFF
_CONFIG                           00002007
_CPD_OFF                          00003FFF
_CPD_ON                           00003EFF
_CP_ALL                           00000FCF
_CP_HALF                          00001FDF
_CP_OFF                           00003FFF
_CP_UPPER_256                     00002FEF
_DEBUG_OFF                        00003FFF
_DEBUG_ON                         000037FF
_DEVID1                           00002006
_FOSC_EXTRC                       00003FFF
MPASM  5.50                   EJERCICIO 3.ASM   11-20-2023  17:53:07         PAGE 10


SYMBOL TABLE
  LABEL                             VALUE 

_FOSC_HS                          00003FFE
_FOSC_LP                          00003FFC
_FOSC_XT                          00003FFD
_HS_OSC                           00003FFE
_IDLOC0                           00002000
_IDLOC1                           00002001
_IDLOC2                           00002002
_IDLOC3                           00002003
_LP_OSC                           00003FFC
_LVP_OFF                          00003F7F
_LVP_ON                           00003FFF
_PWRTE_OFF                        00003FFF
_PWRTE_ON                         00003FF7
_RC_OSC                           00003FFF
_WDTE_OFF                         00003FFB
_WDTE_ON                          00003FFF
_WDT_OFF                          00003FFB
_WDT_ON                           00003FFF
_WRT_ENABLE_OFF                   00003DFF
_WRT_ENABLE_ON                    00003FFF
_WRT_OFF                          00003DFF
_WRT_ON                           00003FFF
_XT_OSC                           00003FFD
__16F877                          00000001
cte1                              00000001
cte2                              00000002
cte3                              00000003
mayor                             00000037
valor1                            00000021
valor2                            00000022
valor3                            00000023
ve1                               00000031
ve2                               00000035
ve3                               00000036


MEMORY USAGE MAP ('X' = Used,  '-' = Unused)

0000 : X----XXXXXXXXXXX XXXXXXXXXXXXXXXX XXXXXXXXXXXXXXXX XXXXXXXXXXXXXXXX
0040 : XXXXXXXXXXXXXXXX ---------------- ---------------- ----------------

All other memory blocks unused.

Program Memory Words Used:    76
Program Memory Words Free:  8116


Errors   :     0
Warnings :    10 reported,     0 suppressed
Messages :     5 reported,     0 suppressed

